<?xml version="1.0" encoding="UTF-8"?>
<!-- Generated by org.testng.reporters.JUnitReportReporter -->
<testsuite hostname="RCCHN0193" failures="0" tests="1" name="p2.c3" time="6.479" errors="0" timestamp="2023-08-10T10:15:34 IST" skipped="0">
  <testcase classname="p2.c3" name="launch" time="6.479"/>
  <system-out/>
</testsuite> <!-- p2.c3 -->
