<?xml version="1.0" encoding="UTF-8"?>
<!-- Generated by org.testng.reporters.JUnitReportReporter -->
<testsuite hostname="RCCHN0193" failures="0" tests="1" name="p1.c1" time="7.187" errors="0" timestamp="2023-08-10T10:15:34 IST" skipped="0">
  <testcase classname="p1.c1" name="launch" time="7.187"/>
  <system-out/>
</testsuite> <!-- p1.c1 -->
